2021-04-12 15:17:07.9178|INFO|SolvexApi.Program|Initializing application...
2021-04-12 15:17:17.4287|INFO|Microsoft.Hosting.Lifetime|Application started. Press Ctrl+C to shut down.
2021-04-12 15:17:17.4382|INFO|Microsoft.Hosting.Lifetime|Hosting environment: Development
2021-04-12 15:17:17.4382|INFO|Microsoft.Hosting.Lifetime|Content root path: C:\Users\hp\OneDrive\Escritorio\Jacsel Guridi Diaz\Solvex\SolvexApi-master\SolvexApi
2021-04-12 15:22:45.1651|INFO|SolvexApi.Program|Initializing application...
2021-04-12 15:22:51.2381|INFO|Microsoft.Hosting.Lifetime|Application started. Press Ctrl+C to shut down.
2021-04-12 15:22:51.2500|INFO|Microsoft.Hosting.Lifetime|Hosting environment: Development
2021-04-12 15:22:51.2500|INFO|Microsoft.Hosting.Lifetime|Content root path: C:\Users\hp\OneDrive\Escritorio\Jacsel Guridi Diaz\Solvex\SolvexApi-master\SolvexApi
2021-04-12 15:42:16.0440|INFO|SolvexApi.Program|Initializing application...
2021-04-12 15:42:23.5733|INFO|Microsoft.Hosting.Lifetime|Application started. Press Ctrl+C to shut down.
2021-04-12 15:42:23.5808|INFO|Microsoft.Hosting.Lifetime|Hosting environment: Development
2021-04-12 15:42:23.5808|INFO|Microsoft.Hosting.Lifetime|Content root path: C:\Users\hp\OneDrive\Escritorio\Jacsel Guridi Diaz\Solvex\SolvexApi-master\SolvexApi
2021-04-12 16:15:41.8439|INFO|SolvexApi.Program|Initializing application...
2021-04-12 16:15:48.2436|INFO|Microsoft.Hosting.Lifetime|Application started. Press Ctrl+C to shut down.
2021-04-12 16:15:48.2527|INFO|Microsoft.Hosting.Lifetime|Hosting environment: Development
2021-04-12 16:15:48.2527|INFO|Microsoft.Hosting.Lifetime|Content root path: C:\Users\hp\OneDrive\Escritorio\Jacsel Guridi Diaz\Solvex\SolvexApi-master\SolvexApi
2021-04-12 16:17:58.6438|ERROR|Microsoft.AspNetCore.Diagnostics.DeveloperExceptionPageMiddleware|An unhandled exception has occurred while executing the request.
2021-04-12 16:18:42.3750|INFO|SolvexApi.Program|Initializing application...
2021-04-12 16:18:51.9361|INFO|Microsoft.Hosting.Lifetime|Application started. Press Ctrl+C to shut down.
2021-04-12 16:18:51.9534|INFO|Microsoft.Hosting.Lifetime|Hosting environment: Development
2021-04-12 16:18:51.9534|INFO|Microsoft.Hosting.Lifetime|Content root path: C:\Users\hp\OneDrive\Escritorio\Jacsel Guridi Diaz\Solvex\SolvexApi-master\SolvexApi
2021-04-12 16:27:14.8063|INFO|SolvexApi.Program|Initializing application...
2021-04-12 16:27:23.4836|INFO|Microsoft.Hosting.Lifetime|Application started. Press Ctrl+C to shut down.
2021-04-12 16:27:23.4836|INFO|Microsoft.Hosting.Lifetime|Hosting environment: Development
2021-04-12 16:27:23.5061|INFO|Microsoft.Hosting.Lifetime|Content root path: C:\Users\hp\OneDrive\Escritorio\Jacsel Guridi Diaz\Solvex\SolvexApi-master\SolvexApi
2021-04-12 16:37:37.7312|INFO|SolvexApi.Program|Initializing application...
2021-04-12 16:37:44.6376|INFO|Microsoft.Hosting.Lifetime|Application started. Press Ctrl+C to shut down.
2021-04-12 16:37:44.6376|INFO|Microsoft.Hosting.Lifetime|Hosting environment: Development
2021-04-12 16:37:44.6531|INFO|Microsoft.Hosting.Lifetime|Content root path: C:\Users\hp\source\repos\SolvexApi\SolvexApi
2021-04-12 17:11:14.7854|INFO|SolvexApi.Program|Initializing application...
2021-04-12 17:11:21.1078|INFO|Microsoft.Hosting.Lifetime|Application started. Press Ctrl+C to shut down.
2021-04-12 17:11:21.1078|INFO|Microsoft.Hosting.Lifetime|Hosting environment: Development
2021-04-12 17:11:21.1078|INFO|Microsoft.Hosting.Lifetime|Content root path: C:\Users\hp\source\repos\SolvexApi\SolvexApi
