2021-04-13 01:26:58.6359|INFO|SolvexApi.Program|Initializing application...
2021-04-13 01:27:26.1594|INFO|Microsoft.Hosting.Lifetime|Application started. Press Ctrl+C to shut down.
2021-04-13 01:27:26.1697|INFO|Microsoft.Hosting.Lifetime|Hosting environment: Development
2021-04-13 01:27:26.1697|INFO|Microsoft.Hosting.Lifetime|Content root path: C:\Users\hp\source\repos\SolvexApi\SolvexApi
2021-04-13 02:01:23.4941|INFO|SolvexApi.Program|Initializing application...
2021-04-13 02:01:42.6388|INFO|Microsoft.Hosting.Lifetime|Application started. Press Ctrl+C to shut down.
2021-04-13 02:01:42.6388|INFO|Microsoft.Hosting.Lifetime|Hosting environment: Development
2021-04-13 02:01:42.6677|INFO|Microsoft.Hosting.Lifetime|Content root path: C:\Users\hp\source\repos\SolvexApi\SolvexApi
2021-04-13 02:02:00.1268|ERROR|Microsoft.AspNetCore.Diagnostics.DeveloperExceptionPageMiddleware|An unhandled exception has occurred while executing the request.
2021-04-13 02:03:34.0608|ERROR|Microsoft.AspNetCore.Diagnostics.DeveloperExceptionPageMiddleware|An unhandled exception has occurred while executing the request.
2021-04-13 02:08:10.0958|INFO|SolvexApi.Program|Initializing application...
2021-04-13 02:08:25.6943|INFO|Microsoft.Hosting.Lifetime|Application started. Press Ctrl+C to shut down.
2021-04-13 02:08:25.7104|INFO|Microsoft.Hosting.Lifetime|Hosting environment: Development
2021-04-13 02:08:25.7190|INFO|Microsoft.Hosting.Lifetime|Content root path: C:\Users\hp\source\repos\SolvexApi\SolvexApi
2021-04-13 02:09:22.3387|ERROR|Microsoft.EntityFrameworkCore.Database.Command|Failed executing DbCommand (61ms) [Parameters=[@p0='?' (DbType = Int32), @p1='?' (Size = 200), @p2='?' (Size = 50)], CommandType='Text', CommandTimeout='30']
SET NOCOUNT ON;
INSERT INTO [Cities] ([Id], [Description], [Name])
VALUES (@p0, @p1, @p2);
2021-04-13 02:09:22.4320|ERROR|Microsoft.EntityFrameworkCore.Update|An exception occurred in the database while saving changes for context type 'DataAccess.CityInfoContext'.
Microsoft.EntityFrameworkCore.DbUpdateException: An error occurred while updating the entries. See the inner exception for details.
 ---> Microsoft.Data.SqlClient.SqlException (0x80131904): Cannot insert explicit value for identity column in table 'Cities' when IDENTITY_INSERT is set to OFF.
   at Microsoft.Data.SqlClient.SqlConnection.OnError(SqlException exception, Boolean breakConnection, Action`1 wrapCloseInAction)
   at Microsoft.Data.SqlClient.SqlInternalConnection.OnError(SqlException exception, Boolean breakConnection, Action`1 wrapCloseInAction)
   at Microsoft.Data.SqlClient.TdsParser.ThrowExceptionAndWarning(TdsParserStateObject stateObj, Boolean callerHasConnectionLock, Boolean asyncClose)
   at Microsoft.Data.SqlClient.TdsParser.TryRun(RunBehavior runBehavior, SqlCommand cmdHandler, SqlDataReader dataStream, BulkCopySimpleResultSet bulkCopyHandler, TdsParserStateObject stateObj, Boolean& dataReady)
   at Microsoft.Data.SqlClient.SqlDataReader.TryConsumeMetaData()
   at Microsoft.Data.SqlClient.SqlDataReader.get_MetaData()
   at Microsoft.Data.SqlClient.SqlCommand.FinishExecuteReader(SqlDataReader ds, RunBehavior runBehavior, String resetOptionsString, Boolean isInternal, Boolean forDescribeParameterEncryption, Boolean shouldCacheForAlwaysEncrypted)
   at Microsoft.Data.SqlClient.SqlCommand.RunExecuteReaderTds(CommandBehavior cmdBehavior, RunBehavior runBehavior, Boolean returnStream, Boolean isAsync, Int32 timeout, Task& task, Boolean asyncWrite, Boolean inRetry, SqlDataReader ds, Boolean describeParameterEncryptionRequest)
   at Microsoft.Data.SqlClient.SqlCommand.RunExecuteReader(CommandBehavior cmdBehavior, RunBehavior runBehavior, Boolean returnStream, TaskCompletionSource`1 completion, Int32 timeout, Task& task, Boolean& usedCache, Boolean asyncWrite, Boolean inRetry, String method)
   at Microsoft.Data.SqlClient.SqlCommand.RunExecuteReader(CommandBehavior cmdBehavior, RunBehavior runBehavior, Boolean returnStream, String method)
   at Microsoft.Data.SqlClient.SqlCommand.ExecuteReader(CommandBehavior behavior)
   at Microsoft.Data.SqlClient.SqlCommand.ExecuteDbDataReader(CommandBehavior behavior)
   at System.Data.Common.DbCommand.ExecuteReader()
   at Microsoft.EntityFrameworkCore.Storage.RelationalCommand.ExecuteReader(RelationalCommandParameterObject parameterObject)
   at Microsoft.EntityFrameworkCore.Update.ReaderModificationCommandBatch.Execute(IRelationalConnection connection)
ClientConnectionId:2f62d8a2-2320-4561-a289-6c3e6b92d68d
Error Number:544,State:1,Class:16
   --- End of inner exception stack trace ---
   at Microsoft.EntityFrameworkCore.Update.ReaderModificationCommandBatch.Execute(IRelationalConnection connection)
   at Microsoft.EntityFrameworkCore.Update.Internal.BatchExecutor.Execute(IEnumerable`1 commandBatches, IRelationalConnection connection)
   at Microsoft.EntityFrameworkCore.Storage.RelationalDatabase.SaveChanges(IList`1 entries)
   at Microsoft.EntityFrameworkCore.ChangeTracking.Internal.StateManager.SaveChanges(IList`1 entriesToSave)
   at Microsoft.EntityFrameworkCore.ChangeTracking.Internal.StateManager.SaveChanges(DbContext _, Boolean acceptAllChangesOnSuccess)
   at Microsoft.EntityFrameworkCore.SqlServer.Storage.Internal.SqlServerExecutionStrategy.Execute[TState,TResult](TState state, Func`3 operation, Func`3 verifySucceeded)
   at Microsoft.EntityFrameworkCore.ChangeTracking.Internal.StateManager.SaveChanges(Boolean acceptAllChangesOnSuccess)
   at Microsoft.EntityFrameworkCore.DbContext.SaveChanges(Boolean acceptAllChangesOnSuccess)
2021-04-13 02:10:13.0485|INFO|SolvexApi.Program|Initializing application...
2021-04-13 02:10:29.0048|INFO|Microsoft.Hosting.Lifetime|Application started. Press Ctrl+C to shut down.
2021-04-13 02:10:29.0125|INFO|Microsoft.Hosting.Lifetime|Hosting environment: Development
2021-04-13 02:10:29.0125|INFO|Microsoft.Hosting.Lifetime|Content root path: C:\Users\hp\source\repos\SolvexApi\SolvexApi
2021-04-13 02:28:21.2875|INFO|SolvexApi.Program|Initializing application...
2021-04-13 02:28:39.6137|INFO|Microsoft.Hosting.Lifetime|Application started. Press Ctrl+C to shut down.
2021-04-13 02:28:39.6245|INFO|Microsoft.Hosting.Lifetime|Hosting environment: Development
2021-04-13 02:28:39.6245|INFO|Microsoft.Hosting.Lifetime|Content root path: C:\Users\hp\source\repos\SolvexApi\SolvexApi
2021-04-13 09:25:16.3718|INFO|SolvexApi.Program|Initializing application...
2021-04-13 09:25:35.0273|INFO|Microsoft.Hosting.Lifetime|Application started. Press Ctrl+C to shut down.
2021-04-13 09:25:35.0420|INFO|Microsoft.Hosting.Lifetime|Hosting environment: Development
2021-04-13 09:25:35.0550|INFO|Microsoft.Hosting.Lifetime|Content root path: C:\Users\hp\source\repos\SolvexApi\SolvexApi
2021-04-13 21:26:05.4896|INFO|SolvexApi.Program|Initializing application...
2021-04-13 21:26:31.0340|INFO|Microsoft.Hosting.Lifetime|Application started. Press Ctrl+C to shut down.
2021-04-13 21:26:31.0472|INFO|Microsoft.Hosting.Lifetime|Hosting environment: Development
2021-04-13 21:26:31.0590|INFO|Microsoft.Hosting.Lifetime|Content root path: C:\Users\hp\source\repos\SolvexApi\SolvexApi
2021-04-13 21:33:09.3599|INFO|SolvexApi.Program|Initializing application...
2021-04-13 21:33:27.8383|INFO|Microsoft.Hosting.Lifetime|Application started. Press Ctrl+C to shut down.
2021-04-13 21:33:27.8530|INFO|Microsoft.Hosting.Lifetime|Hosting environment: Development
2021-04-13 21:33:27.8672|INFO|Microsoft.Hosting.Lifetime|Content root path: C:\Users\hp\source\repos\SolvexApi\SolvexApi
2021-04-13 21:33:59.8612|INFO|SolvexApi.Program|Initializing application...
2021-04-13 21:34:18.1961|INFO|Microsoft.Hosting.Lifetime|Application started. Press Ctrl+C to shut down.
2021-04-13 21:34:18.2115|INFO|Microsoft.Hosting.Lifetime|Hosting environment: Development
2021-04-13 21:34:18.2710|INFO|Microsoft.Hosting.Lifetime|Content root path: C:\Users\hp\source\repos\SolvexApi\SolvexApi
2021-04-13 21:51:56.4105|INFO|SolvexApi.Program|Initializing application...
2021-04-13 21:52:12.7034|INFO|Microsoft.Hosting.Lifetime|Application started. Press Ctrl+C to shut down.
2021-04-13 21:52:12.7034|INFO|Microsoft.Hosting.Lifetime|Hosting environment: Development
2021-04-13 21:52:12.7311|INFO|Microsoft.Hosting.Lifetime|Content root path: C:\Users\hp\source\repos\SolvexApi\SolvexApi
2021-04-13 22:37:11.1873|INFO|SolvexApi.Program|Initializing application...
2021-04-13 22:37:24.2479|INFO|Microsoft.Hosting.Lifetime|Now listening on: https://localhost:5001
2021-04-13 22:37:24.2479|INFO|Microsoft.Hosting.Lifetime|Now listening on: http://localhost:5000
2021-04-13 22:37:24.2479|INFO|Microsoft.Hosting.Lifetime|Application started. Press Ctrl+C to shut down.
2021-04-13 22:37:24.2479|INFO|Microsoft.Hosting.Lifetime|Hosting environment: Development
2021-04-13 22:37:24.2479|INFO|Microsoft.Hosting.Lifetime|Content root path: C:\Users\hp\source\repos\SolvexApi\SolvexApi
2021-04-13 22:37:57.9632|INFO|Microsoft.Hosting.Lifetime|Application is shutting down...
2021-04-13 22:38:06.2499|INFO|SolvexApi.Program|Initializing application...
2021-04-13 22:38:19.0791|INFO|Microsoft.Hosting.Lifetime|Now listening on: https://localhost:5001
2021-04-13 22:38:19.0831|INFO|Microsoft.Hosting.Lifetime|Now listening on: http://localhost:5000
2021-04-13 22:38:19.0831|INFO|Microsoft.Hosting.Lifetime|Application started. Press Ctrl+C to shut down.
2021-04-13 22:38:19.0831|INFO|Microsoft.Hosting.Lifetime|Hosting environment: Development
2021-04-13 22:38:19.0831|INFO|Microsoft.Hosting.Lifetime|Content root path: C:\Users\hp\source\repos\SolvexApi\SolvexApi
2021-04-13 22:38:36.9322|INFO|Microsoft.Hosting.Lifetime|Application is shutting down...
2021-04-13 22:40:17.0003|INFO|SolvexApi.Program|Initializing application...
2021-04-13 22:40:29.7173|INFO|Microsoft.Hosting.Lifetime|Now listening on: http://localhost:5000
2021-04-13 22:40:29.7214|INFO|Microsoft.Hosting.Lifetime|Now listening on: https://localhost:5001
2021-04-13 22:40:29.7214|INFO|Microsoft.Hosting.Lifetime|Application started. Press Ctrl+C to shut down.
2021-04-13 22:40:29.7214|INFO|Microsoft.Hosting.Lifetime|Hosting environment: Production
2021-04-13 22:40:29.7214|INFO|Microsoft.Hosting.Lifetime|Content root path: C:\Users\hp\source\repos\SolvexApi\SolvexApi\bin\Debug\netcoreapp3.1
2021-04-13 22:41:38.7193|INFO|SolvexApi.Program|Initializing application...
2021-04-13 22:41:57.9769|INFO|Microsoft.Hosting.Lifetime|Application started. Press Ctrl+C to shut down.
2021-04-13 22:41:58.0739|INFO|Microsoft.Hosting.Lifetime|Hosting environment: Development
2021-04-13 22:41:58.3737|INFO|Microsoft.Hosting.Lifetime|Content root path: C:\Users\hp\source\repos\SolvexApi\SolvexApi
