2021-04-07 09:11:18.5065|INFO|SolvexApi.Program|Initializing application...
2021-04-07 09:11:33.7868|INFO|Microsoft.Hosting.Lifetime|Application started. Press Ctrl+C to shut down.
2021-04-07 09:11:33.8027|INFO|Microsoft.Hosting.Lifetime|Hosting environment: Development
2021-04-07 09:11:33.8127|INFO|Microsoft.Hosting.Lifetime|Content root path: C:\Users\hp\source\repos\SolvexApi\SolvexApi
2021-04-07 09:16:57.0398|INFO|SolvexApi.Program|Initializing application...
2021-04-07 09:17:02.2882|INFO|Microsoft.Hosting.Lifetime|Application started. Press Ctrl+C to shut down.
2021-04-07 09:17:02.2882|INFO|Microsoft.Hosting.Lifetime|Hosting environment: Development
2021-04-07 09:17:02.3171|INFO|Microsoft.Hosting.Lifetime|Content root path: C:\Users\hp\source\repos\SolvexApi\SolvexApi
2021-04-07 09:25:50.9343|INFO|SolvexApi.Program|Initializing application...
2021-04-07 09:25:56.6526|INFO|Microsoft.Hosting.Lifetime|Application started. Press Ctrl+C to shut down.
2021-04-07 09:25:56.6664|INFO|Microsoft.Hosting.Lifetime|Hosting environment: Development
2021-04-07 09:25:56.6664|INFO|Microsoft.Hosting.Lifetime|Content root path: C:\Users\hp\source\repos\SolvexApi\SolvexApi
2021-04-07 09:28:58.5103|INFO|SolvexApi.Program|Initializing application...
2021-04-07 09:29:03.1113|INFO|Microsoft.Hosting.Lifetime|Application started. Press Ctrl+C to shut down.
2021-04-07 09:29:03.1193|INFO|Microsoft.Hosting.Lifetime|Hosting environment: Development
2021-04-07 09:29:03.1193|INFO|Microsoft.Hosting.Lifetime|Content root path: C:\Users\hp\source\repos\SolvexApi\SolvexApi
2021-04-07 09:29:08.7438|ERROR|Microsoft.AspNetCore.Diagnostics.DeveloperExceptionPageMiddleware|An unhandled exception has occurred while executing the request.
2021-04-07 09:30:01.2235|ERROR|Microsoft.AspNetCore.Diagnostics.DeveloperExceptionPageMiddleware|An unhandled exception has occurred while executing the request.
2021-04-07 09:31:31.8081|INFO|SolvexApi.Program|Initializing application...
2021-04-07 09:31:36.3543|INFO|Microsoft.Hosting.Lifetime|Application started. Press Ctrl+C to shut down.
2021-04-07 09:31:36.3682|INFO|Microsoft.Hosting.Lifetime|Hosting environment: Development
2021-04-07 09:31:36.3682|INFO|Microsoft.Hosting.Lifetime|Content root path: C:\Users\hp\source\repos\SolvexApi\SolvexApi
